Determining if files dns_sd.h exist failed with the following output:
Change Dir: /home/prajwal/Desktop/CProg/player-3.0.2/build/CMakeFiles/CMakeTmp

Run Build Command:/usr/bin/make "cmTryCompileExec267552760/fast"
/usr/bin/make -f CMakeFiles/cmTryCompileExec267552760.dir/build.make CMakeFiles/cmTryCompileExec267552760.dir/build
make[1]: Entering directory `/home/prajwal/Desktop/CProg/player-3.0.2/build/CMakeFiles/CMakeTmp'
/usr/bin/cmake -E cmake_progress_report /home/prajwal/Desktop/CProg/player-3.0.2/build/CMakeFiles/CMakeTmp/CMakeFiles 1
Building C object CMakeFiles/cmTryCompileExec267552760.dir/CheckIncludeFiles.c.o
/usr/bin/cc   -Wall    -o CMakeFiles/cmTryCompileExec267552760.dir/CheckIncludeFiles.c.o   -c /home/prajwal/Desktop/CProg/player-3.0.2/build/CMakeFiles/CMakeTmp/CheckIncludeFiles.c
/home/prajwal/Desktop/CProg/player-3.0.2/build/CMakeFiles/CMakeTmp/CheckIncludeFiles.c:2:20: fatal error: dns_sd.h: No such file or directory
 #include <dns_sd.h>
                    ^
compilation terminated.
make[1]: Leaving directory `/home/prajwal/Desktop/CProg/player-3.0.2/build/CMakeFiles/CMakeTmp'
make[1]: *** [CMakeFiles/cmTryCompileExec267552760.dir/CheckIncludeFiles.c.o] Error 1
make: *** [cmTryCompileExec267552760/fast] Error 2

Source:
/* */
#include <dns_sd.h>


int main(){return 0;}

Determining if files sys/filio.h exist failed with the following output:
Change Dir: /home/prajwal/Desktop/CProg/player-3.0.2/build/CMakeFiles/CMakeTmp

Run Build Command:/usr/bin/make "cmTryCompileExec2041932227/fast"
/usr/bin/make -f CMakeFiles/cmTryCompileExec2041932227.dir/build.make CMakeFiles/cmTryCompileExec2041932227.dir/build
make[1]: Entering directory `/home/prajwal/Desktop/CProg/player-3.0.2/build/CMakeFiles/CMakeTmp'
/usr/bin/cmake -E cmake_progress_report /home/prajwal/Desktop/CProg/player-3.0.2/build/CMakeFiles/CMakeTmp/CMakeFiles 1
Building C object CMakeFiles/cmTryCompileExec2041932227.dir/CheckIncludeFiles.c.o
/usr/bin/cc   -Wall    -o CMakeFiles/cmTryCompileExec2041932227.dir/CheckIncludeFiles.c.o   -c /home/prajwal/Desktop/CProg/player-3.0.2/build/CMakeFiles/CMakeTmp/CheckIncludeFiles.c
/home/prajwal/Desktop/CProg/player-3.0.2/build/CMakeFiles/CMakeTmp/CheckIncludeFiles.c:2:23: fatal error: sys/filio.h: No such file or directory
 #include <sys/filio.h>
                       ^
compilation terminated.
make[1]: Leaving directory `/home/prajwal/Desktop/CProg/player-3.0.2/build/CMakeFiles/CMakeTmp'
make[1]: *** [CMakeFiles/cmTryCompileExec2041932227.dir/CheckIncludeFiles.c.o] Error 1
make: *** [cmTryCompileExec2041932227/fast] Error 2

Source:
/* */
#include <sys/filio.h>


int main(){return 0;}

Determining if files ieeefp.h exist failed with the following output:
Change Dir: /home/prajwal/Desktop/CProg/player-3.0.2/build/CMakeFiles/CMakeTmp

Run Build Command:/usr/bin/make "cmTryCompileExec3065514459/fast"
/usr/bin/make -f CMakeFiles/cmTryCompileExec3065514459.dir/build.make CMakeFiles/cmTryCompileExec3065514459.dir/build
make[1]: Entering directory `/home/prajwal/Desktop/CProg/player-3.0.2/build/CMakeFiles/CMakeTmp'
/usr/bin/cmake -E cmake_progress_report /home/prajwal/Desktop/CProg/player-3.0.2/build/CMakeFiles/CMakeTmp/CMakeFiles 1
Building C object CMakeFiles/cmTryCompileExec3065514459.dir/CheckIncludeFiles.c.o
/usr/bin/cc   -Wall    -o CMakeFiles/cmTryCompileExec3065514459.dir/CheckIncludeFiles.c.o   -c /home/prajwal/Desktop/CProg/player-3.0.2/build/CMakeFiles/CMakeTmp/CheckIncludeFiles.c
/home/prajwal/Desktop/CProg/player-3.0.2/build/CMakeFiles/CMakeTmp/CheckIncludeFiles.c:2:20: fatal error: ieeefp.h: No such file or directory
 #include <ieeefp.h>
                    ^
compilation terminated.
make[1]: Leaving directory `/home/prajwal/Desktop/CProg/player-3.0.2/build/CMakeFiles/CMakeTmp'
make[1]: *** [CMakeFiles/cmTryCompileExec3065514459.dir/CheckIncludeFiles.c.o] Error 1
make: *** [cmTryCompileExec3065514459/fast] Error 2

Source:
/* */
#include <ieeefp.h>


int main(){return 0;}

Determining if the function GEOSGeomFromWKB_buf exists in the geos_c failed with the following output:
Change Dir: /home/prajwal/Desktop/CProg/player-3.0.2/build/CMakeFiles/CMakeTmp

Run Build Command:/usr/bin/make "cmTryCompileExec4265477095/fast"
/usr/bin/make -f CMakeFiles/cmTryCompileExec4265477095.dir/build.make CMakeFiles/cmTryCompileExec4265477095.dir/build
make[1]: Entering directory `/home/prajwal/Desktop/CProg/player-3.0.2/build/CMakeFiles/CMakeTmp'
/usr/bin/cmake -E cmake_progress_report /home/prajwal/Desktop/CProg/player-3.0.2/build/CMakeFiles/CMakeTmp/CMakeFiles 1
Building C object CMakeFiles/cmTryCompileExec4265477095.dir/CheckFunctionExists.c.o
/usr/bin/cc   -Wall -DCHECK_FUNCTION_EXISTS=GEOSGeomFromWKB_buf   -o CMakeFiles/cmTryCompileExec4265477095.dir/CheckFunctionExists.c.o   -c /usr/share/cmake-2.8/Modules/CheckFunctionExists.c
Linking C executable cmTryCompileExec4265477095
/usr/bin/cmake -E cmake_link_script CMakeFiles/cmTryCompileExec4265477095.dir/link.txt --verbose=1
/usr/bin/cc   -Wall -DCHECK_FUNCTION_EXISTS=GEOSGeomFromWKB_buf    CMakeFiles/cmTryCompileExec4265477095.dir/CheckFunctionExists.c.o  -o cmTryCompileExec4265477095 -rdynamic -lgeos_c 
/usr/bin/ld: cannot find -lgeos_c
collect2: error: ld returned 1 exit status
make[1]: *** [cmTryCompileExec4265477095] Error 1
make[1]: Leaving directory `/home/prajwal/Desktop/CProg/player-3.0.2/build/CMakeFiles/CMakeTmp'
make: *** [cmTryCompileExec4265477095/fast] Error 2


Determining if the system is big endian passed with the following output:
Change Dir: /home/prajwal/Desktop/CProg/player-3.0.2/build/CMakeFiles/CMakeTmp

Run Build Command:/usr/bin/make "cmTryCompileExec3209706911/fast"
/usr/bin/make -f CMakeFiles/cmTryCompileExec3209706911.dir/build.make CMakeFiles/cmTryCompileExec3209706911.dir/build
make[1]: Entering directory `/home/prajwal/Desktop/CProg/player-3.0.2/build/CMakeFiles/CMakeTmp'
/usr/bin/cmake -E cmake_progress_report /home/prajwal/Desktop/CProg/player-3.0.2/build/CMakeFiles/CMakeTmp/CMakeFiles 1
Building C object CMakeFiles/cmTryCompileExec3209706911.dir/TestEndianess.c.o
/usr/bin/cc   -Wall    -o CMakeFiles/cmTryCompileExec3209706911.dir/TestEndianess.c.o   -c /home/prajwal/Desktop/CProg/player-3.0.2/build/CMakeFiles/CMakeTmp/TestEndianess.c
Linking C executable cmTryCompileExec3209706911
/usr/bin/cmake -E cmake_link_script CMakeFiles/cmTryCompileExec3209706911.dir/link.txt --verbose=1
/usr/bin/cc   -Wall     CMakeFiles/cmTryCompileExec3209706911.dir/TestEndianess.c.o  -o cmTryCompileExec3209706911 -rdynamic 
make[1]: Leaving directory `/home/prajwal/Desktop/CProg/player-3.0.2/build/CMakeFiles/CMakeTmp'

TestEndianess.c:
/* A 16 bit integer is required. */
typedef unsigned short cmakeint16;

/* On a little endian machine, these 16bit ints will give "THIS IS LITTLE ENDIAN."
   On a big endian machine the characters will be exchanged pairwise. */
const cmakeint16 info_little[] =  {0x4854, 0x5349, 0x4920, 0x2053, 0x494c, 0x5454, 0x454c, 0x4520, 0x444e, 0x4149, 0x2e4e, 0x0000};

/* on a big endian machine, these 16bit ints will give "THIS IS BIG ENDIAN."
   On a little endian machine the characters will be exchanged pairwise. */
const cmakeint16 info_big[] =     {0x5448, 0x4953, 0x2049, 0x5320, 0x4249, 0x4720, 0x454e, 0x4449, 0x414e, 0x2e2e, 0x0000};

#ifdef __CLASSIC_C__
int main(argc, argv) int argc; char *argv[];
#else
int main(int argc, char *argv[])
#endif
{
  int require = 0;
  require += info_little[argc];
  require += info_big[argc];
  (void)argv;
  return require;
}


Determining if the include file Device.h exists failed with the following output:
Change Dir: /home/prajwal/Desktop/CProg/player-3.0.2/build/CMakeFiles/CMakeTmp

Run Build Command:/usr/bin/make "cmTryCompileExec998448913/fast"
/usr/bin/make -f CMakeFiles/cmTryCompileExec998448913.dir/build.make CMakeFiles/cmTryCompileExec998448913.dir/build
make[1]: Entering directory `/home/prajwal/Desktop/CProg/player-3.0.2/build/CMakeFiles/CMakeTmp'
/usr/bin/cmake -E cmake_progress_report /home/prajwal/Desktop/CProg/player-3.0.2/build/CMakeFiles/CMakeTmp/CMakeFiles 1
Building CXX object CMakeFiles/cmTryCompileExec998448913.dir/CheckIncludeFile.cxx.o
/usr/bin/c++   -DLINUX -DUNIX -D__LINUX__ -Wall    -o CMakeFiles/cmTryCompileExec998448913.dir/CheckIncludeFile.cxx.o -c /home/prajwal/Desktop/CProg/player-3.0.2/build/CMakeFiles/CMakeTmp/CheckIncludeFile.cxx
/home/prajwal/Desktop/CProg/player-3.0.2/build/CMakeFiles/CMakeTmp/CheckIncludeFile.cxx:1:20: fatal error: Device.h: No such file or directory
 #include <Device.h>
                    ^
compilation terminated.
make[1]: Leaving directory `/home/prajwal/Desktop/CProg/player-3.0.2/build/CMakeFiles/CMakeTmp'
make[1]: *** [CMakeFiles/cmTryCompileExec998448913.dir/CheckIncludeFile.cxx.o] Error 1
make: *** [cmTryCompileExec998448913/fast] Error 2


Determining if files alsa/asoundlib.h exist failed with the following output:
Change Dir: /home/prajwal/Desktop/CProg/player-3.0.2/build/CMakeFiles/CMakeTmp

Run Build Command:/usr/bin/make "cmTryCompileExec389591513/fast"
/usr/bin/make -f CMakeFiles/cmTryCompileExec389591513.dir/build.make CMakeFiles/cmTryCompileExec389591513.dir/build
make[1]: Entering directory `/home/prajwal/Desktop/CProg/player-3.0.2/build/CMakeFiles/CMakeTmp'
/usr/bin/cmake -E cmake_progress_report /home/prajwal/Desktop/CProg/player-3.0.2/build/CMakeFiles/CMakeTmp/CMakeFiles 1
Building C object CMakeFiles/cmTryCompileExec389591513.dir/CheckIncludeFiles.c.o
/usr/bin/cc   -Wall    -o CMakeFiles/cmTryCompileExec389591513.dir/CheckIncludeFiles.c.o   -c /home/prajwal/Desktop/CProg/player-3.0.2/build/CMakeFiles/CMakeTmp/CheckIncludeFiles.c
/home/prajwal/Desktop/CProg/player-3.0.2/build/CMakeFiles/CMakeTmp/CheckIncludeFiles.c:2:28: fatal error: alsa/asoundlib.h: No such file or directory
 #include <alsa/asoundlib.h>
                            ^
compilation terminated.
make[1]: Leaving directory `/home/prajwal/Desktop/CProg/player-3.0.2/build/CMakeFiles/CMakeTmp'
make[1]: *** [CMakeFiles/cmTryCompileExec389591513.dir/CheckIncludeFiles.c.o] Error 1
make: *** [cmTryCompileExec389591513/fast] Error 2

Source:
/* */
#include <alsa/asoundlib.h>


int main(){return 0;}

Determining if files sys/types.h;linux/videodev.h exist failed with the following output:
Change Dir: /home/prajwal/Desktop/CProg/player-3.0.2/build/CMakeFiles/CMakeTmp

Run Build Command:/usr/bin/make "cmTryCompileExec3609520133/fast"
/usr/bin/make -f CMakeFiles/cmTryCompileExec3609520133.dir/build.make CMakeFiles/cmTryCompileExec3609520133.dir/build
make[1]: Entering directory `/home/prajwal/Desktop/CProg/player-3.0.2/build/CMakeFiles/CMakeTmp'
/usr/bin/cmake -E cmake_progress_report /home/prajwal/Desktop/CProg/player-3.0.2/build/CMakeFiles/CMakeTmp/CMakeFiles 1
Building C object CMakeFiles/cmTryCompileExec3609520133.dir/CheckIncludeFiles.c.o
/usr/bin/cc   -Wall    -o CMakeFiles/cmTryCompileExec3609520133.dir/CheckIncludeFiles.c.o   -c /home/prajwal/Desktop/CProg/player-3.0.2/build/CMakeFiles/CMakeTmp/CheckIncludeFiles.c
/home/prajwal/Desktop/CProg/player-3.0.2/build/CMakeFiles/CMakeTmp/CheckIncludeFiles.c:3:28: fatal error: linux/videodev.h: No such file or directory
 #include <linux/videodev.h>
                            ^
compilation terminated.
make[1]: *** [CMakeFiles/cmTryCompileExec3609520133.dir/CheckIncludeFiles.c.o] Error 1
make[1]: Leaving directory `/home/prajwal/Desktop/CProg/player-3.0.2/build/CMakeFiles/CMakeTmp'
make: *** [cmTryCompileExec3609520133/fast] Error 2

Source:
/* */
#include <sys/types.h>
#include <linux/videodev.h>


int main(){return 0;}

Determining if files yarp/os/all.h exist failed with the following output:
Change Dir: /home/prajwal/Desktop/CProg/player-3.0.2/build/CMakeFiles/CMakeTmp

Run Build Command:/usr/bin/make "cmTryCompileExec2676458859/fast"
/usr/bin/make -f CMakeFiles/cmTryCompileExec2676458859.dir/build.make CMakeFiles/cmTryCompileExec2676458859.dir/build
make[1]: Entering directory `/home/prajwal/Desktop/CProg/player-3.0.2/build/CMakeFiles/CMakeTmp'
/usr/bin/cmake -E cmake_progress_report /home/prajwal/Desktop/CProg/player-3.0.2/build/CMakeFiles/CMakeTmp/CMakeFiles 1
Building C object CMakeFiles/cmTryCompileExec2676458859.dir/CheckIncludeFiles.c.o
/usr/bin/cc   -Wall    -o CMakeFiles/cmTryCompileExec2676458859.dir/CheckIncludeFiles.c.o   -c /home/prajwal/Desktop/CProg/player-3.0.2/build/CMakeFiles/CMakeTmp/CheckIncludeFiles.c
/home/prajwal/Desktop/CProg/player-3.0.2/build/CMakeFiles/CMakeTmp/CheckIncludeFiles.c:2:25: fatal error: yarp/os/all.h: No such file or directory
 #include <yarp/os/all.h>
                         ^
compilation terminated.
make[1]: Leaving directory `/home/prajwal/Desktop/CProg/player-3.0.2/build/CMakeFiles/CMakeTmp'
make[1]: *** [CMakeFiles/cmTryCompileExec2676458859.dir/CheckIncludeFiles.c.o] Error 1
make: *** [cmTryCompileExec2676458859/fast] Error 2

Source:
/* */
#include <yarp/os/all.h>


int main(){return 0;}

Determining if files yarp/sig/all.h exist failed with the following output:
Change Dir: /home/prajwal/Desktop/CProg/player-3.0.2/build/CMakeFiles/CMakeTmp

Run Build Command:/usr/bin/make "cmTryCompileExec3151567922/fast"
/usr/bin/make -f CMakeFiles/cmTryCompileExec3151567922.dir/build.make CMakeFiles/cmTryCompileExec3151567922.dir/build
make[1]: Entering directory `/home/prajwal/Desktop/CProg/player-3.0.2/build/CMakeFiles/CMakeTmp'
/usr/bin/cmake -E cmake_progress_report /home/prajwal/Desktop/CProg/player-3.0.2/build/CMakeFiles/CMakeTmp/CMakeFiles 1
Building C object CMakeFiles/cmTryCompileExec3151567922.dir/CheckIncludeFiles.c.o
/usr/bin/cc   -Wall    -o CMakeFiles/cmTryCompileExec3151567922.dir/CheckIncludeFiles.c.o   -c /home/prajwal/Desktop/CProg/player-3.0.2/build/CMakeFiles/CMakeTmp/CheckIncludeFiles.c
/home/prajwal/Desktop/CProg/player-3.0.2/build/CMakeFiles/CMakeTmp/CheckIncludeFiles.c:2:26: fatal error: yarp/sig/all.h: No such file or directory
 #include <yarp/sig/all.h>
                          ^
compilation terminated.
make[1]: Leaving directory `/home/prajwal/Desktop/CProg/player-3.0.2/build/CMakeFiles/CMakeTmp'
make[1]: *** [CMakeFiles/cmTryCompileExec3151567922.dir/CheckIncludeFiles.c.o] Error 1
make: *** [cmTryCompileExec3151567922/fast] Error 2

Source:
/* */
#include <yarp/sig/all.h>


int main(){return 0;}

Determining if files unicap.h exist failed with the following output:
Change Dir: /home/prajwal/Desktop/CProg/player-3.0.2/build/CMakeFiles/CMakeTmp

Run Build Command:/usr/bin/make "cmTryCompileExec338399764/fast"
/usr/bin/make -f CMakeFiles/cmTryCompileExec338399764.dir/build.make CMakeFiles/cmTryCompileExec338399764.dir/build
make[1]: Entering directory `/home/prajwal/Desktop/CProg/player-3.0.2/build/CMakeFiles/CMakeTmp'
/usr/bin/cmake -E cmake_progress_report /home/prajwal/Desktop/CProg/player-3.0.2/build/CMakeFiles/CMakeTmp/CMakeFiles 1
Building C object CMakeFiles/cmTryCompileExec338399764.dir/CheckIncludeFiles.c.o
/usr/bin/cc   -Wall    -o CMakeFiles/cmTryCompileExec338399764.dir/CheckIncludeFiles.c.o   -c /home/prajwal/Desktop/CProg/player-3.0.2/build/CMakeFiles/CMakeTmp/CheckIncludeFiles.c
/home/prajwal/Desktop/CProg/player-3.0.2/build/CMakeFiles/CMakeTmp/CheckIncludeFiles.c:2:20: fatal error: unicap.h: No such file or directory
 #include <unicap.h>
                    ^
compilation terminated.
make[1]: Leaving directory `/home/prajwal/Desktop/CProg/player-3.0.2/build/CMakeFiles/CMakeTmp'
make[1]: *** [CMakeFiles/cmTryCompileExec338399764.dir/CheckIncludeFiles.c.o] Error 1
make: *** [cmTryCompileExec338399764/fast] Error 2

Source:
/* */
#include <unicap.h>


int main(){return 0;}

Determining if files usb.h exist failed with the following output:
Change Dir: /home/prajwal/Desktop/CProg/player-3.0.2/build/CMakeFiles/CMakeTmp

Run Build Command:/usr/bin/make "cmTryCompileExec692032032/fast"
/usr/bin/make -f CMakeFiles/cmTryCompileExec692032032.dir/build.make CMakeFiles/cmTryCompileExec692032032.dir/build
make[1]: Entering directory `/home/prajwal/Desktop/CProg/player-3.0.2/build/CMakeFiles/CMakeTmp'
/usr/bin/cmake -E cmake_progress_report /home/prajwal/Desktop/CProg/player-3.0.2/build/CMakeFiles/CMakeTmp/CMakeFiles 1
Building C object CMakeFiles/cmTryCompileExec692032032.dir/CheckIncludeFiles.c.o
/usr/bin/cc   -Wall    -o CMakeFiles/cmTryCompileExec692032032.dir/CheckIncludeFiles.c.o   -c /home/prajwal/Desktop/CProg/player-3.0.2/build/CMakeFiles/CMakeTmp/CheckIncludeFiles.c
/home/prajwal/Desktop/CProg/player-3.0.2/build/CMakeFiles/CMakeTmp/CheckIncludeFiles.c:2:17: fatal error: usb.h: No such file or directory
 #include <usb.h>
                 ^
compilation terminated.
make[1]: Leaving directory `/home/prajwal/Desktop/CProg/player-3.0.2/build/CMakeFiles/CMakeTmp'
make[1]: *** [CMakeFiles/cmTryCompileExec692032032.dir/CheckIncludeFiles.c.o] Error 1
make: *** [cmTryCompileExec692032032/fast] Error 2

Source:
/* */
#include <usb.h>


int main(){return 0;}

Determining if the function main exists in the roboop failed with the following output:
Change Dir: /home/prajwal/Desktop/CProg/player-3.0.2/build/CMakeFiles/CMakeTmp

Run Build Command:/usr/bin/make "cmTryCompileExec359978142/fast"
/usr/bin/make -f CMakeFiles/cmTryCompileExec359978142.dir/build.make CMakeFiles/cmTryCompileExec359978142.dir/build
make[1]: Entering directory `/home/prajwal/Desktop/CProg/player-3.0.2/build/CMakeFiles/CMakeTmp'
/usr/bin/cmake -E cmake_progress_report /home/prajwal/Desktop/CProg/player-3.0.2/build/CMakeFiles/CMakeTmp/CMakeFiles 1
Building C object CMakeFiles/cmTryCompileExec359978142.dir/CheckFunctionExists.c.o
/usr/bin/cc   -Wall -DCHECK_FUNCTION_EXISTS=main   -o CMakeFiles/cmTryCompileExec359978142.dir/CheckFunctionExists.c.o   -c /usr/share/cmake-2.8/Modules/CheckFunctionExists.c
/usr/share/cmake-2.8/Modules/CheckFunctionExists.c:9:5: error: conflicting types for ‘main’
 int main(int ac, char*av[]){
     ^
<command-line>:0:23: note: previous declaration of ‘main’ was here
/usr/share/cmake-2.8/Modules/CheckFunctionExists.c:3:6: note: in expansion of macro ‘CHECK_FUNCTION_EXISTS’
 char CHECK_FUNCTION_EXISTS();
      ^
/usr/share/cmake-2.8/Modules/CheckFunctionExists.c: In function ‘main’:
/usr/share/cmake-2.8/Modules/CheckFunctionExists.c:11:3: error: too few arguments to function ‘main’
   CHECK_FUNCTION_EXISTS();
   ^
/usr/share/cmake-2.8/Modules/CheckFunctionExists.c:9:5: note: declared here
 int main(int ac, char*av[]){
     ^
make[1]: *** [CMakeFiles/cmTryCompileExec359978142.dir/CheckFunctionExists.c.o] Error 1
make[1]: Leaving directory `/home/prajwal/Desktop/CProg/player-3.0.2/build/CMakeFiles/CMakeTmp'
make: *** [cmTryCompileExec359978142/fast] Error 2


Determining if files phidget21.h exist failed with the following output:
Change Dir: /home/prajwal/Desktop/CProg/player-3.0.2/build/CMakeFiles/CMakeTmp

Run Build Command:/usr/bin/make "cmTryCompileExec3387121000/fast"
/usr/bin/make -f CMakeFiles/cmTryCompileExec3387121000.dir/build.make CMakeFiles/cmTryCompileExec3387121000.dir/build
make[1]: Entering directory `/home/prajwal/Desktop/CProg/player-3.0.2/build/CMakeFiles/CMakeTmp'
/usr/bin/cmake -E cmake_progress_report /home/prajwal/Desktop/CProg/player-3.0.2/build/CMakeFiles/CMakeTmp/CMakeFiles 1
Building C object CMakeFiles/cmTryCompileExec3387121000.dir/CheckIncludeFiles.c.o
/usr/bin/cc   -Wall    -o CMakeFiles/cmTryCompileExec3387121000.dir/CheckIncludeFiles.c.o   -c /home/prajwal/Desktop/CProg/player-3.0.2/build/CMakeFiles/CMakeTmp/CheckIncludeFiles.c
/home/prajwal/Desktop/CProg/player-3.0.2/build/CMakeFiles/CMakeTmp/CheckIncludeFiles.c:2:23: fatal error: phidget21.h: No such file or directory
 #include <phidget21.h>
                       ^
compilation terminated.
make[1]: Leaving directory `/home/prajwal/Desktop/CProg/player-3.0.2/build/CMakeFiles/CMakeTmp'
make[1]: *** [CMakeFiles/cmTryCompileExec3387121000.dir/CheckIncludeFiles.c.o] Error 1
make: *** [cmTryCompileExec3387121000/fast] Error 2

Source:
/* */
#include <phidget21.h>


int main(){return 0;}

Determining if files /include/canlib.h exist failed with the following output:
Change Dir: /home/prajwal/Desktop/CProg/player-3.0.2/build/CMakeFiles/CMakeTmp

Run Build Command:/usr/bin/make "cmTryCompileExec1880268750/fast"
/usr/bin/make -f CMakeFiles/cmTryCompileExec1880268750.dir/build.make CMakeFiles/cmTryCompileExec1880268750.dir/build
make[1]: Entering directory `/home/prajwal/Desktop/CProg/player-3.0.2/build/CMakeFiles/CMakeTmp'
/usr/bin/cmake -E cmake_progress_report /home/prajwal/Desktop/CProg/player-3.0.2/build/CMakeFiles/CMakeTmp/CMakeFiles 1
Building C object CMakeFiles/cmTryCompileExec1880268750.dir/CheckIncludeFiles.c.o
/usr/bin/cc   -Wall    -o CMakeFiles/cmTryCompileExec1880268750.dir/CheckIncludeFiles.c.o   -c /home/prajwal/Desktop/CProg/player-3.0.2/build/CMakeFiles/CMakeTmp/CheckIncludeFiles.c
/home/prajwal/Desktop/CProg/player-3.0.2/build/CMakeFiles/CMakeTmp/CheckIncludeFiles.c:2:29: fatal error: /include/canlib.h: No such file or directory
 #include </include/canlib.h>
                             ^
compilation terminated.
make[1]: Leaving directory `/home/prajwal/Desktop/CProg/player-3.0.2/build/CMakeFiles/CMakeTmp'
make[1]: *** [CMakeFiles/cmTryCompileExec1880268750.dir/CheckIncludeFiles.c.o] Error 1
make: *** [cmTryCompileExec1880268750/fast] Error 2

Source:
/* */
#include </include/canlib.h>


int main(){return 0;}

Determining if files robotinocom.h exist failed with the following output:
Change Dir: /home/prajwal/Desktop/CProg/player-3.0.2/build/CMakeFiles/CMakeTmp

Run Build Command:/usr/bin/make "cmTryCompileExec1099909931/fast"
/usr/bin/make -f CMakeFiles/cmTryCompileExec1099909931.dir/build.make CMakeFiles/cmTryCompileExec1099909931.dir/build
make[1]: Entering directory `/home/prajwal/Desktop/CProg/player-3.0.2/build/CMakeFiles/CMakeTmp'
/usr/bin/cmake -E cmake_progress_report /home/prajwal/Desktop/CProg/player-3.0.2/build/CMakeFiles/CMakeTmp/CMakeFiles 1
Building C object CMakeFiles/cmTryCompileExec1099909931.dir/CheckIncludeFiles.c.o
/usr/bin/cc   -Wall    -o CMakeFiles/cmTryCompileExec1099909931.dir/CheckIncludeFiles.c.o   -c /home/prajwal/Desktop/CProg/player-3.0.2/build/CMakeFiles/CMakeTmp/CheckIncludeFiles.c
/home/prajwal/Desktop/CProg/player-3.0.2/build/CMakeFiles/CMakeTmp/CheckIncludeFiles.c:2:25: fatal error: robotinocom.h: No such file or directory
 #include <robotinocom.h>
                         ^
compilation terminated.
make[1]: *** [CMakeFiles/cmTryCompileExec1099909931.dir/CheckIncludeFiles.c.o] Error 1
make[1]: Leaving directory `/home/prajwal/Desktop/CProg/player-3.0.2/build/CMakeFiles/CMakeTmp'
make: *** [cmTryCompileExec1099909931/fast] Error 2

Source:
/* */
#include <robotinocom.h>


int main(){return 0;}

Determining if files xtimer.h exist failed with the following output:
Change Dir: /home/prajwal/Desktop/CProg/player-3.0.2/build/CMakeFiles/CMakeTmp

Run Build Command:/usr/bin/make "cmTryCompileExec1521830840/fast"
/usr/bin/make -f CMakeFiles/cmTryCompileExec1521830840.dir/build.make CMakeFiles/cmTryCompileExec1521830840.dir/build
make[1]: Entering directory `/home/prajwal/Desktop/CProg/player-3.0.2/build/CMakeFiles/CMakeTmp'
/usr/bin/cmake -E cmake_progress_report /home/prajwal/Desktop/CProg/player-3.0.2/build/CMakeFiles/CMakeTmp/CMakeFiles 1
Building C object CMakeFiles/cmTryCompileExec1521830840.dir/CheckIncludeFiles.c.o
/usr/bin/cc   -Wall    -o CMakeFiles/cmTryCompileExec1521830840.dir/CheckIncludeFiles.c.o   -c /home/prajwal/Desktop/CProg/player-3.0.2/build/CMakeFiles/CMakeTmp/CheckIncludeFiles.c
/home/prajwal/Desktop/CProg/player-3.0.2/build/CMakeFiles/CMakeTmp/CheckIncludeFiles.c:2:20: fatal error: xtimer.h: No such file or directory
 #include <xtimer.h>
                    ^
compilation terminated.
make[1]: Leaving directory `/home/prajwal/Desktop/CProg/player-3.0.2/build/CMakeFiles/CMakeTmp'
make[1]: *** [CMakeFiles/cmTryCompileExec1521830840.dir/CheckIncludeFiles.c.o] Error 1
make: *** [cmTryCompileExec1521830840/fast] Error 2

Source:
/* */
#include <xtimer.h>


int main(){return 0;}

Determining if files xthread.h exist failed with the following output:
Change Dir: /home/prajwal/Desktop/CProg/player-3.0.2/build/CMakeFiles/CMakeTmp

Run Build Command:/usr/bin/make "cmTryCompileExec2624473014/fast"
/usr/bin/make -f CMakeFiles/cmTryCompileExec2624473014.dir/build.make CMakeFiles/cmTryCompileExec2624473014.dir/build
make[1]: Entering directory `/home/prajwal/Desktop/CProg/player-3.0.2/build/CMakeFiles/CMakeTmp'
/usr/bin/cmake -E cmake_progress_report /home/prajwal/Desktop/CProg/player-3.0.2/build/CMakeFiles/CMakeTmp/CMakeFiles 1
Building C object CMakeFiles/cmTryCompileExec2624473014.dir/CheckIncludeFiles.c.o
/usr/bin/cc   -Wall    -o CMakeFiles/cmTryCompileExec2624473014.dir/CheckIncludeFiles.c.o   -c /home/prajwal/Desktop/CProg/player-3.0.2/build/CMakeFiles/CMakeTmp/CheckIncludeFiles.c
/home/prajwal/Desktop/CProg/player-3.0.2/build/CMakeFiles/CMakeTmp/CheckIncludeFiles.c:2:21: fatal error: xthread.h: No such file or directory
 #include <xthread.h>
                     ^
compilation terminated.
make[1]: Leaving directory `/home/prajwal/Desktop/CProg/player-3.0.2/build/CMakeFiles/CMakeTmp'
make[1]: *** [CMakeFiles/cmTryCompileExec2624473014.dir/CheckIncludeFiles.c.o] Error 1
make: *** [cmTryCompileExec2624473014/fast] Error 2

Source:
/* */
#include <xthread.h>


int main(){return 0;}

Determining if files libusbSR.h exist failed with the following output:
Change Dir: /home/prajwal/Desktop/CProg/player-3.0.2/build/CMakeFiles/CMakeTmp

Run Build Command:/usr/bin/make "cmTryCompileExec46694973/fast"
/usr/bin/make -f CMakeFiles/cmTryCompileExec46694973.dir/build.make CMakeFiles/cmTryCompileExec46694973.dir/build
make[1]: Entering directory `/home/prajwal/Desktop/CProg/player-3.0.2/build/CMakeFiles/CMakeTmp'
/usr/bin/cmake -E cmake_progress_report /home/prajwal/Desktop/CProg/player-3.0.2/build/CMakeFiles/CMakeTmp/CMakeFiles 1
Building C object CMakeFiles/cmTryCompileExec46694973.dir/CheckIncludeFiles.c.o
/usr/bin/cc   -Wall    -o CMakeFiles/cmTryCompileExec46694973.dir/CheckIncludeFiles.c.o   -c /home/prajwal/Desktop/CProg/player-3.0.2/build/CMakeFiles/CMakeTmp/CheckIncludeFiles.c
/home/prajwal/Desktop/CProg/player-3.0.2/build/CMakeFiles/CMakeTmp/CheckIncludeFiles.c:2:22: fatal error: libusbSR.h: No such file or directory
 #include <libusbSR.h>
                      ^
compilation terminated.
make[1]: *** [CMakeFiles/cmTryCompileExec46694973.dir/CheckIncludeFiles.c.o] Error 1
make[1]: Leaving directory `/home/prajwal/Desktop/CProg/player-3.0.2/build/CMakeFiles/CMakeTmp'
make: *** [cmTryCompileExec46694973/fast] Error 2

Source:
/* */
#include <libusbSR.h>


int main(){return 0;}

Determining if the include file libMesaSR.h exists failed with the following output:
Change Dir: /home/prajwal/Desktop/CProg/player-3.0.2/build/CMakeFiles/CMakeTmp

Run Build Command:/usr/bin/make "cmTryCompileExec426561426/fast"
/usr/bin/make -f CMakeFiles/cmTryCompileExec426561426.dir/build.make CMakeFiles/cmTryCompileExec426561426.dir/build
make[1]: Entering directory `/home/prajwal/Desktop/CProg/player-3.0.2/build/CMakeFiles/CMakeTmp'
/usr/bin/cmake -E cmake_progress_report /home/prajwal/Desktop/CProg/player-3.0.2/build/CMakeFiles/CMakeTmp/CMakeFiles 1
Building CXX object CMakeFiles/cmTryCompileExec426561426.dir/CheckIncludeFile.cxx.o
/usr/bin/c++    -Wall    -o CMakeFiles/cmTryCompileExec426561426.dir/CheckIncludeFile.cxx.o -c /home/prajwal/Desktop/CProg/player-3.0.2/build/CMakeFiles/CMakeTmp/CheckIncludeFile.cxx
/home/prajwal/Desktop/CProg/player-3.0.2/build/CMakeFiles/CMakeTmp/CheckIncludeFile.cxx:1:23: fatal error: libMesaSR.h: No such file or directory
 #include <libMesaSR.h>
                       ^
compilation terminated.
make[1]: Leaving directory `/home/prajwal/Desktop/CProg/player-3.0.2/build/CMakeFiles/CMakeTmp'
make[1]: *** [CMakeFiles/cmTryCompileExec426561426.dir/CheckIncludeFile.cxx.o] Error 1
make: *** [cmTryCompileExec426561426/fast] Error 2


Determining if files isense/isense.h exist failed with the following output:
Change Dir: /home/prajwal/Desktop/CProg/player-3.0.2/build/CMakeFiles/CMakeTmp

Run Build Command:/usr/bin/make "cmTryCompileExec857737241/fast"
/usr/bin/make -f CMakeFiles/cmTryCompileExec857737241.dir/build.make CMakeFiles/cmTryCompileExec857737241.dir/build
make[1]: Entering directory `/home/prajwal/Desktop/CProg/player-3.0.2/build/CMakeFiles/CMakeTmp'
/usr/bin/cmake -E cmake_progress_report /home/prajwal/Desktop/CProg/player-3.0.2/build/CMakeFiles/CMakeTmp/CMakeFiles 1
Building C object CMakeFiles/cmTryCompileExec857737241.dir/CheckIncludeFiles.c.o
/usr/bin/cc   -Wall    -o CMakeFiles/cmTryCompileExec857737241.dir/CheckIncludeFiles.c.o   -c /home/prajwal/Desktop/CProg/player-3.0.2/build/CMakeFiles/CMakeTmp/CheckIncludeFiles.c
/home/prajwal/Desktop/CProg/player-3.0.2/build/CMakeFiles/CMakeTmp/CheckIncludeFiles.c:2:27: fatal error: isense/isense.h: No such file or directory
 #include <isense/isense.h>
                           ^
compilation terminated.
make[1]: Leaving directory `/home/prajwal/Desktop/CProg/player-3.0.2/build/CMakeFiles/CMakeTmp'
make[1]: *** [CMakeFiles/cmTryCompileExec857737241.dir/CheckIncludeFiles.c.o] Error 1
make: *** [cmTryCompileExec857737241/fast] Error 2

Source:
/* */
#include <isense/isense.h>


int main(){return 0;}

Determining if files sphinx2/ckd_alloc.h exist failed with the following output:
Change Dir: /home/prajwal/Desktop/CProg/player-3.0.2/build/CMakeFiles/CMakeTmp

Run Build Command:/usr/bin/make "cmTryCompileExec839531067/fast"
/usr/bin/make -f CMakeFiles/cmTryCompileExec839531067.dir/build.make CMakeFiles/cmTryCompileExec839531067.dir/build
make[1]: Entering directory `/home/prajwal/Desktop/CProg/player-3.0.2/build/CMakeFiles/CMakeTmp'
/usr/bin/cmake -E cmake_progress_report /home/prajwal/Desktop/CProg/player-3.0.2/build/CMakeFiles/CMakeTmp/CMakeFiles 1
Building C object CMakeFiles/cmTryCompileExec839531067.dir/CheckIncludeFiles.c.o
/usr/bin/cc   -Wall    -o CMakeFiles/cmTryCompileExec839531067.dir/CheckIncludeFiles.c.o   -c /home/prajwal/Desktop/CProg/player-3.0.2/build/CMakeFiles/CMakeTmp/CheckIncludeFiles.c
/home/prajwal/Desktop/CProg/player-3.0.2/build/CMakeFiles/CMakeTmp/CheckIncludeFiles.c:2:31: fatal error: sphinx2/ckd_alloc.h: No such file or directory
 #include <sphinx2/ckd_alloc.h>
                               ^
compilation terminated.
make[1]: Leaving directory `/home/prajwal/Desktop/CProg/player-3.0.2/build/CMakeFiles/CMakeTmp'
make[1]: *** [CMakeFiles/cmTryCompileExec839531067.dir/CheckIncludeFiles.c.o] Error 1
make: *** [cmTryCompileExec839531067/fast] Error 2

Source:
/* */
#include <sphinx2/ckd_alloc.h>


int main(){return 0;}

Determining if the include file SVS/svsclass.h exists failed with the following output:
Change Dir: /home/prajwal/Desktop/CProg/player-3.0.2/build/CMakeFiles/CMakeTmp

Run Build Command:/usr/bin/make "cmTryCompileExec3311294419/fast"
/usr/bin/make -f CMakeFiles/cmTryCompileExec3311294419.dir/build.make CMakeFiles/cmTryCompileExec3311294419.dir/build
make[1]: Entering directory `/home/prajwal/Desktop/CProg/player-3.0.2/build/CMakeFiles/CMakeTmp'
/usr/bin/cmake -E cmake_progress_report /home/prajwal/Desktop/CProg/player-3.0.2/build/CMakeFiles/CMakeTmp/CMakeFiles 1
Building CXX object CMakeFiles/cmTryCompileExec3311294419.dir/CheckIncludeFile.cxx.o
/usr/bin/c++    -Wall    -o CMakeFiles/cmTryCompileExec3311294419.dir/CheckIncludeFile.cxx.o -c /home/prajwal/Desktop/CProg/player-3.0.2/build/CMakeFiles/CMakeTmp/CheckIncludeFile.cxx
/home/prajwal/Desktop/CProg/player-3.0.2/build/CMakeFiles/CMakeTmp/CheckIncludeFile.cxx:1:26: fatal error: SVS/svsclass.h: No such file or directory
 #include <SVS/svsclass.h>
                          ^
compilation terminated.
make[1]: Leaving directory `/home/prajwal/Desktop/CProg/player-3.0.2/build/CMakeFiles/CMakeTmp'
make[1]: *** [CMakeFiles/cmTryCompileExec3311294419.dir/CheckIncludeFile.cxx.o] Error 1
make: *** [cmTryCompileExec3311294419/fast] Error 2


Determining if files linux/wireless.h exist failed with the following output:
Change Dir: /home/prajwal/Desktop/CProg/player-3.0.2/build/CMakeFiles/CMakeTmp

Run Build Command:/usr/bin/make "cmTryCompileExec501429098/fast"
/usr/bin/make -f CMakeFiles/cmTryCompileExec501429098.dir/build.make CMakeFiles/cmTryCompileExec501429098.dir/build
make[1]: Entering directory `/home/prajwal/Desktop/CProg/player-3.0.2/build/CMakeFiles/CMakeTmp'
/usr/bin/cmake -E cmake_progress_report /home/prajwal/Desktop/CProg/player-3.0.2/build/CMakeFiles/CMakeTmp/CMakeFiles 1
Building C object CMakeFiles/cmTryCompileExec501429098.dir/CheckIncludeFiles.c.o
/usr/bin/cc   -Wall    -o CMakeFiles/cmTryCompileExec501429098.dir/CheckIncludeFiles.c.o   -c /home/prajwal/Desktop/CProg/player-3.0.2/build/CMakeFiles/CMakeTmp/CheckIncludeFiles.c
In file included from /usr/include/linux/wireless.h:74:0,
                 from /home/prajwal/Desktop/CProg/player-3.0.2/build/CMakeFiles/CMakeTmp/CheckIncludeFiles.c:2:
/usr/include/linux/if.h:185:19: error: field ‘ifru_addr’ has incomplete type
   struct sockaddr ifru_addr;
                   ^
/usr/include/linux/if.h:186:19: error: field ‘ifru_dstaddr’ has incomplete type
   struct sockaddr ifru_dstaddr;
                   ^
/usr/include/linux/if.h:187:19: error: field ‘ifru_broadaddr’ has incomplete type
   struct sockaddr ifru_broadaddr;
                   ^
/usr/include/linux/if.h:188:19: error: field ‘ifru_netmask’ has incomplete type
   struct sockaddr ifru_netmask;
                   ^
/usr/include/linux/if.h:189:20: error: field ‘ifru_hwaddr’ has incomplete type
   struct  sockaddr ifru_hwaddr;
                    ^
In file included from /home/prajwal/Desktop/CProg/player-3.0.2/build/CMakeFiles/CMakeTmp/CheckIncludeFiles.c:2:0:
/usr/include/linux/wireless.h:751:19: error: field ‘addr’ has incomplete type
  struct sockaddr  addr;  /* Source address (hw/mac) */
                   ^
/usr/include/linux/wireless.h:777:18: error: field ‘bssid’ has incomplete type
  struct sockaddr bssid; /* ff:ff:ff:ff:ff:ff for broadcast BSSID or
                  ^
/usr/include/linux/wireless.h:835:18: error: field ‘addr’ has incomplete type
  struct sockaddr addr; /* ff:ff:ff:ff:ff:ff for broadcast/multicast
                  ^
/usr/include/linux/wireless.h:848:18: error: field ‘addr’ has incomplete type
  struct sockaddr addr;
                  ^
/usr/include/linux/wireless.h:861:18: error: field ‘bssid’ has incomplete type
  struct sockaddr bssid;
                  ^
/usr/include/linux/wireless.h:869:18: error: field ‘src_addr’ has incomplete type
  struct sockaddr src_addr;
                  ^
/usr/include/linux/wireless.h:880:18: error: field ‘bssid’ has incomplete type
  struct sockaddr bssid;
                  ^
/usr/include/linux/wireless.h:934:18: error: field ‘ap_addr’ has incomplete type
  struct sockaddr ap_addr; /* Access point address */
                  ^
/usr/include/linux/wireless.h:935:18: error: field ‘addr’ has incomplete type
  struct sockaddr addr;  /* Destination address (hw/mac) */
                  ^
make[1]: *** [CMakeFiles/cmTryCompileExec501429098.dir/CheckIncludeFiles.c.o] Error 1
make[1]: Leaving directory `/home/prajwal/Desktop/CProg/player-3.0.2/build/CMakeFiles/CMakeTmp'
make: *** [cmTryCompileExec501429098/fast] Error 2

Source:
/* */
#include <linux/wireless.h>


int main(){return 0;}

Determining if files libparticle.h exist failed with the following output:
Change Dir: /home/prajwal/Desktop/CProg/player-3.0.2/build/CMakeFiles/CMakeTmp

Run Build Command:/usr/bin/make "cmTryCompileExec540245181/fast"
/usr/bin/make -f CMakeFiles/cmTryCompileExec540245181.dir/build.make CMakeFiles/cmTryCompileExec540245181.dir/build
make[1]: Entering directory `/home/prajwal/Desktop/CProg/player-3.0.2/build/CMakeFiles/CMakeTmp'
/usr/bin/cmake -E cmake_progress_report /home/prajwal/Desktop/CProg/player-3.0.2/build/CMakeFiles/CMakeTmp/CMakeFiles 1
Building C object CMakeFiles/cmTryCompileExec540245181.dir/CheckIncludeFiles.c.o
/usr/bin/cc   -Wall    -o CMakeFiles/cmTryCompileExec540245181.dir/CheckIncludeFiles.c.o   -c /home/prajwal/Desktop/CProg/player-3.0.2/build/CMakeFiles/CMakeTmp/CheckIncludeFiles.c
/home/prajwal/Desktop/CProg/player-3.0.2/build/CMakeFiles/CMakeTmp/CheckIncludeFiles.c:2:25: fatal error: libparticle.h: No such file or directory
 #include <libparticle.h>
                         ^
compilation terminated.
make[1]: *** [CMakeFiles/cmTryCompileExec540245181.dir/CheckIncludeFiles.c.o] Error 1
make[1]: Leaving directory `/home/prajwal/Desktop/CProg/player-3.0.2/build/CMakeFiles/CMakeTmp'
make: *** [cmTryCompileExec540245181/fast] Error 2

Source:
/* */
#include <libparticle.h>


int main(){return 0;}

